<?xml version="1.0" encoding="UTF-8"?>
<testng-results skipped="0" failed="0" total="1" passed="1">
  <reporter-output>
  </reporter-output>
  <suite name="Default suite" duration-ms="9848" started-at="2020-01-31T11:01:28Z" finished-at="2020-01-31T11:01:38Z">
    <groups>
    </groups>
    <test name="Default test" duration-ms="9848" started-at="2020-01-31T11:01:28Z" finished-at="2020-01-31T11:01:38Z">
      <class name="GoogleTitletest">
        <test-method status="PASS" signature="Precondition()[pri:0, instance:GoogleTitletest@5d5eef3d]" name="Precondition" is-config="true" duration-ms="7696" started-at="2020-01-31T16:31:28Z" finished-at="2020-01-31T16:31:36Z">
          <reporter-output>
          </reporter-output>
        </test-method> <!-- Precondition -->
        <test-method status="PASS" signature="Gettitle()[pri:0, instance:GoogleTitletest@5d5eef3d]" name="Gettitle" duration-ms="32" started-at="2020-01-31T16:31:36Z" finished-at="2020-01-31T16:31:36Z">
          <reporter-output>
          </reporter-output>
        </test-method> <!-- Gettitle -->
        <test-method status="PASS" signature="postcondtion()[pri:0, instance:GoogleTitletest@5d5eef3d]" name="postcondtion" is-config="true" duration-ms="2090" started-at="2020-01-31T16:31:36Z" finished-at="2020-01-31T16:31:38Z">
          <reporter-output>
          </reporter-output>
        </test-method> <!-- postcondtion -->
      </class> <!-- GoogleTitletest -->
    </test> <!-- Default test -->
  </suite> <!-- Default suite -->
</testng-results>
